<?xml version="1.0" encoding="UTF-8"?>
<!-- Generated by org.testng.reporters.JUnitXMLReporter -->
<testsuite ignored="0" hostname="DESKTOP-L5ED9TF" failures="0" tests="2" name="Surefire test" time="36.308" errors="0" timestamp="2020-06-09T23:25:12 CEST">
  <testcase classname="tests.FailedLoginTests" name="asUserTryToRegisterWithExistingEmail" time="3.279"/>
  <testcase classname="tests.FailedLoginTests" name="asUserWantToLogInWithIncorrectEmailAndPassword" time="2.629"/>
</testsuite> <!-- Surefire test -->
