<?xml version="1.0" encoding="UTF-8"?>
<testng-results ignored="0" total="2" passed="2" failed="0" skipped="0">
  <reporter-output>
  </reporter-output>
  <suite started-at="2020-06-09T23:24:35 CEST" name="Surefire suite" finished-at="2020-06-09T23:25:12 CEST" duration-ms="36308">
    <groups>
    </groups>
    <test started-at="2020-06-09T23:24:35 CEST" name="Surefire test" finished-at="2020-06-09T23:25:12 CEST" duration-ms="36308">
      <class name="tests.FailedLoginTests">
        <test-method is-config="true" signature="beforeTest()[pri:0, instance:tests.FailedLoginTests@1afd44cb]" started-at="2020-06-09T23:24:36 CEST" name="beforeTest" finished-at="2020-06-09T23:24:54 CEST" duration-ms="18053" status="PASS">
          <reporter-output>
          </reporter-output>
        </test-method> <!-- beforeTest -->
        <test-method signature="asUserTryToRegisterWithExistingEmail()[pri:0, instance:tests.FailedLoginTests@1afd44cb]" started-at="2020-06-09T23:24:54 CEST" name="asUserTryToRegisterWithExistingEmail" finished-at="2020-06-09T23:24:57 CEST" duration-ms="3279" status="PASS">
          <reporter-output>
          </reporter-output>
        </test-method> <!-- asUserTryToRegisterWithExistingEmail -->
        <test-method is-config="true" signature="afterTest()[pri:0, instance:tests.FailedLoginTests@1afd44cb]" started-at="2020-06-09T23:24:57 CEST" name="afterTest" finished-at="2020-06-09T23:24:58 CEST" duration-ms="1362" status="PASS">
          <reporter-output>
          </reporter-output>
        </test-method> <!-- afterTest -->
        <test-method is-config="true" signature="beforeTest()[pri:0, instance:tests.FailedLoginTests@1afd44cb]" started-at="2020-06-09T23:24:58 CEST" name="beforeTest" finished-at="2020-06-09T23:25:08 CEST" duration-ms="9782" status="PASS">
          <reporter-output>
          </reporter-output>
        </test-method> <!-- beforeTest -->
        <test-method signature="asUserWantToLogInWithIncorrectEmailAndPassword()[pri:0, instance:tests.FailedLoginTests@1afd44cb]" started-at="2020-06-09T23:25:08 CEST" name="asUserWantToLogInWithIncorrectEmailAndPassword" finished-at="2020-06-09T23:25:11 CEST" duration-ms="2629" status="PASS">
          <reporter-output>
          </reporter-output>
        </test-method> <!-- asUserWantToLogInWithIncorrectEmailAndPassword -->
        <test-method is-config="true" signature="afterTest()[pri:0, instance:tests.FailedLoginTests@1afd44cb]" started-at="2020-06-09T23:25:11 CEST" name="afterTest" finished-at="2020-06-09T23:25:12 CEST" duration-ms="1146" status="PASS">
          <reporter-output>
          </reporter-output>
        </test-method> <!-- afterTest -->
      </class> <!-- tests.FailedLoginTests -->
    </test> <!-- Surefire test -->
  </suite> <!-- Surefire suite -->
</testng-results>
